<?xml version="1.0" encoding="UTF-8"?>
<!-- Generated by org.testng.reporters.JUnitReportReporter -->
<testsuite hostname="user" failures="0" tests="1" name="Whippets.com.Admin.Customer_Module" time="69.567" errors="0" timestamp="2025-09-07T19:16:37 IST" skipped="0">
  <testcase classname="Whippets.com.Admin.Customer_Module" name="customer_list_Accessor" time="69.567"/>
  <system-out/>
</testsuite> <!-- Whippets.com.Admin.Customer_Module -->
