<?xml version="1.0" encoding="UTF-8"?>
<!-- Generated by org.testng.reporters.JUnitReportReporter -->
<testsuite hostname="user" failures="0" tests="4" name="Whippets.com.Admin.Driver_module" time="187.238" errors="0" timestamp="2025-09-22T22:52:53 IST" skipped="0">
  <testcase classname="Whippets.com.Admin.Driver_module" name="Driver_Add" time="31.726"/>
  <system-out/>
  <testcase classname="Whippets.com.Admin.Driver_module" name="Driver_Add" time="47.026"/>
  <system-out/>
  <testcase classname="Whippets.com.Admin.Driver_module" name="Driver_Add" time="37.381"/>
  <system-out/>
  <testcase classname="Whippets.com.Admin.Driver_module" name="Driver_Add" time="71.105"/>
  <system-out/>
</testsuite> <!-- Whippets.com.Admin.Driver_module -->
