<?xml version="1.0" encoding="UTF-8"?>
<!-- Generated by org.testng.reporters.JUnitReportReporter -->
<testsuite hostname="DESKTOP-3CSQIQH" failures="0" tests="10" name="Whippets.com.Admin.Customer_Module" time="651.131" errors="0" timestamp="2025-09-16T12:35:02 IST" skipped="0">
  <testcase classname="Whippets.com.Admin.Customer_Module" name="customer_add" time="61.084"/>
  <testcase classname="Whippets.com.Admin.Customer_Module" name="customer_add" time="71.790"/>
  <testcase classname="Whippets.com.Admin.Customer_Module" name="customer_add" time="61.195"/>
  <testcase classname="Whippets.com.Admin.Customer_Module" name="customer_add" time="61.212"/>
  <testcase classname="Whippets.com.Admin.Customer_Module" name="customer_add" time="67.995"/>
  <testcase classname="Whippets.com.Admin.Customer_Module" name="customer_add" time="57.541"/>
  <testcase classname="Whippets.com.Admin.Customer_Module" name="customer_add" time="66.083"/>
  <testcase classname="Whippets.com.Admin.Customer_Module" name="customer_add" time="101.942"/>
  <testcase classname="Whippets.com.Admin.Customer_Module" name="customer_add" time="52.523"/>
  <testcase classname="Whippets.com.Admin.Customer_Module" name="customer_add" time="49.766"/>
</testsuite> <!-- Whippets.com.Admin.Customer_Module -->
