<?xml version="1.0" encoding="UTF-8"?>
<!-- Generated by org.testng.reporters.JUnitReportReporter -->
<testsuite hostname="user" failures="0" tests="10" name="Whippets.com.Admin.Customer_Module" time="1400.297" errors="0" timestamp="2025-09-23T21:25:11 IST" skipped="0">
  <testcase classname="Whippets.com.Admin.Customer_Module" name="customer_add" time="78.175"/>
  <system-out/>
  <testcase classname="Whippets.com.Admin.Customer_Module" name="customer_add" time="86.443"/>
  <system-out/>
  <testcase classname="Whippets.com.Admin.Customer_Module" name="customer_add" time="180.034"/>
  <system-out/>
  <testcase classname="Whippets.com.Admin.Customer_Module" name="customer_add" time="161.129"/>
  <system-out/>
  <testcase classname="Whippets.com.Admin.Customer_Module" name="customer_add" time="142.136"/>
  <system-out/>
  <testcase classname="Whippets.com.Admin.Customer_Module" name="customer_add" time="92.289"/>
  <system-out/>
  <testcase classname="Whippets.com.Admin.Customer_Module" name="customer_add" time="70.270"/>
  <system-out/>
  <testcase classname="Whippets.com.Admin.Customer_Module" name="customer_add" time="210.352"/>
  <system-out/>
  <testcase classname="Whippets.com.Admin.Customer_Module" name="customer_add" time="187.362"/>
  <system-out/>
  <testcase classname="Whippets.com.Admin.Customer_Module" name="customer_add" time="192.107"/>
  <system-out/>
</testsuite> <!-- Whippets.com.Admin.Customer_Module -->
