<?xml version="1.0" encoding="UTF-8"?>
<!-- Generated by org.testng.reporters.JUnitReportReporter -->
<testsuite hostname="user" failures="0" tests="1" name="Whippets.com.Admin.Product_module" time="8.725" errors="0" timestamp="2025-08-30T23:14:36 IST" skipped="0">
  <testcase classname="Whippets.com.Admin.Product_module" name="Product_list_Accessor" time="8.725"/>
  <system-out/>
</testsuite> <!-- Whippets.com.Admin.Product_module -->
