<?xml version="1.0" encoding="UTF-8"?>
<!-- Generated by org.testng.reporters.JUnitReportReporter -->
<testsuite hostname="DESKTOP-3CSQIQH" failures="0" tests="1" name="Whippets.com.Admin.Product_module" time="122.776" errors="0" timestamp="2025-10-07T19:35:32 IST" skipped="0">
  <testcase classname="Whippets.com.Admin.Product_module" name="product_Edit" time="122.776"/>
</testsuite> <!-- Whippets.com.Admin.Product_module -->
