<?xml version="1.0" encoding="UTF-8"?>
<!-- Generated by org.testng.reporters.JUnitReportReporter -->
<testsuite hostname="user" failures="0" tests="10" name="Whippets.com.Admin.Customer_Module" time="508.241" errors="0" timestamp="2025-09-13T21:53:46 IST" skipped="0">
  <testcase classname="Whippets.com.Admin.Customer_Module" name="customer_add" time="50.225"/>
  <system-out/>
  <testcase classname="Whippets.com.Admin.Customer_Module" name="customer_add" time="50.644"/>
  <system-out/>
  <testcase classname="Whippets.com.Admin.Customer_Module" name="customer_add" time="45.706"/>
  <system-out/>
  <testcase classname="Whippets.com.Admin.Customer_Module" name="customer_add" time="51.611"/>
  <system-out/>
  <testcase classname="Whippets.com.Admin.Customer_Module" name="customer_add" time="60.214"/>
  <system-out/>
  <testcase classname="Whippets.com.Admin.Customer_Module" name="customer_add" time="47.275"/>
  <system-out/>
  <testcase classname="Whippets.com.Admin.Customer_Module" name="customer_add" time="52.738"/>
  <system-out/>
  <testcase classname="Whippets.com.Admin.Customer_Module" name="customer_add" time="44.401"/>
  <system-out/>
  <testcase classname="Whippets.com.Admin.Customer_Module" name="customer_add" time="48.103"/>
  <system-out/>
  <testcase classname="Whippets.com.Admin.Customer_Module" name="customer_add" time="57.324"/>
  <system-out/>
</testsuite> <!-- Whippets.com.Admin.Customer_Module -->
