<?xml version="1.0" encoding="UTF-8"?>
<!-- Generated by org.testng.reporters.JUnitReportReporter -->
<testsuite hostname="DESKTOP-3CSQIQH" failures="0" tests="1" name="Whippets.com.Admin.Side_Menu_options_Accessor" time="4.009" errors="0" timestamp="2025-08-19T18:55:21 IST" skipped="0">
  <testcase classname="Whippets.com.Admin.Side_Menu_options_Accessor" name="side_menu" time="4.009"/>
</testsuite> <!-- Whippets.com.Admin.Side_Menu_options_Accessor -->
