<?xml version="1.0" encoding="UTF-8"?>
<!-- Generated by org.testng.reporters.JUnitReportReporter -->
<testsuite hostname="DESKTOP-3CSQIQH" failures="0" tests="10" name="Whippets.com.Admin.Customer_Module" time="332.135" errors="0" timestamp="2025-09-12T19:36:43 IST" skipped="0">
  <testcase classname="Whippets.com.Admin.Customer_Module" name="added_customer_delete" time="40.726"/>
  <testcase classname="Whippets.com.Admin.Customer_Module" name="added_customer_delete" time="27.007"/>
  <testcase classname="Whippets.com.Admin.Customer_Module" name="added_customer_delete" time="41.077"/>
  <testcase classname="Whippets.com.Admin.Customer_Module" name="added_customer_delete" time="30.197"/>
  <testcase classname="Whippets.com.Admin.Customer_Module" name="added_customer_delete" time="27.045"/>
  <testcase classname="Whippets.com.Admin.Customer_Module" name="added_customer_delete" time="42.818"/>
  <testcase classname="Whippets.com.Admin.Customer_Module" name="added_customer_delete" time="27.965"/>
  <testcase classname="Whippets.com.Admin.Customer_Module" name="added_customer_delete" time="44.951"/>
  <testcase classname="Whippets.com.Admin.Customer_Module" name="added_customer_delete" time="26.065"/>
  <testcase classname="Whippets.com.Admin.Customer_Module" name="added_customer_delete" time="24.284"/>
</testsuite> <!-- Whippets.com.Admin.Customer_Module -->
