<?xml version="1.0" encoding="UTF-8"?>
<!-- Generated by org.testng.reporters.JUnitReportReporter -->
<testsuite hostname="DESKTOP-3CSQIQH" failures="0" tests="1" name="Whippets.com.Admin.Orders_Module" time="16.568" errors="0" timestamp="2025-10-07T18:08:14 IST" skipped="0">
  <testcase classname="Whippets.com.Admin.Orders_Module" name="Driver_assigning_to_order" time="16.568"/>
</testsuite> <!-- Whippets.com.Admin.Orders_Module -->
