<?xml version="1.0" encoding="UTF-8"?>
<!-- Generated by org.testng.reporters.JUnitReportReporter -->
<testsuite hostname="DESKTOP-3CSQIQH" failures="0" tests="6" name="Whippets.com.Admin.Product_module" time="162.750" errors="0" timestamp="2025-10-08T16:33:33 IST" skipped="0">
  <testcase classname="Whippets.com.Admin.Product_module" name="Product_Add" time="26.822"/>
  <testcase classname="Whippets.com.Admin.Product_module" name="Product_Add" time="26.724"/>
  <testcase classname="Whippets.com.Admin.Product_module" name="Product_Add" time="27.229"/>
  <testcase classname="Whippets.com.Admin.Product_module" name="Product_Add" time="26.228"/>
  <testcase classname="Whippets.com.Admin.Product_module" name="Product_Add" time="28.078"/>
  <testcase classname="Whippets.com.Admin.Product_module" name="Product_Add" time="27.669"/>
</testsuite> <!-- Whippets.com.Admin.Product_module -->
