<?xml version="1.0" encoding="UTF-8"?>
<!-- Generated by org.testng.reporters.JUnitReportReporter -->
<testsuite hostname="DESKTOP-3CSQIQH" failures="0" tests="4" name="Whippets.com.Admin.Driver_module" time="75.964" errors="0" timestamp="2025-09-15T15:59:07 IST" skipped="0">
  <testcase classname="Whippets.com.Admin.Driver_module" name="driveradd" time="30.826"/>
  <testcase classname="Whippets.com.Admin.Driver_module" name="driveradd" time="15.775"/>
  <testcase classname="Whippets.com.Admin.Driver_module" name="driveradd" time="15.233"/>
  <testcase classname="Whippets.com.Admin.Driver_module" name="driveradd" time="14.130"/>
</testsuite> <!-- Whippets.com.Admin.Driver_module -->
