<?xml version="1.0" encoding="UTF-8"?>
<!-- Generated by org.testng.reporters.JUnitReportReporter -->
<testsuite hostname="user" failures="0" tests="1" name="Whippets.com.Admin.Dashboard_Module" time="49.042" errors="0" timestamp="2025-09-27T23:07:38 IST" skipped="0">
  <testcase classname="Whippets.com.Admin.Dashboard_Module" name="Dashboard_product_count_check" time="49.042"/>
  <system-out/>
</testsuite> <!-- Whippets.com.Admin.Dashboard_Module -->
