<?xml version="1.0" encoding="UTF-8"?>
<!-- Generated by org.testng.reporters.JUnitReportReporter -->
<testsuite hostname="DESKTOP-3CSQIQH" failures="0" tests="1" name="Whippets.com.Admin.Dashboard_Module" time="35.272" errors="0" timestamp="2025-09-26T18:48:17 IST" skipped="0">
  <testcase classname="Whippets.com.Admin.Dashboard_Module" name="Dashboard_product_count_check" time="35.272"/>
</testsuite> <!-- Whippets.com.Admin.Dashboard_Module -->
