<?xml version="1.0" encoding="UTF-8"?>
<!-- Generated by org.testng.reporters.JUnitReportReporter -->
<testsuite hostname="DESKTOP-3CSQIQH" failures="0" tests="4" name="Whippets.com.Admin.Driver_module" time="60.846" errors="0" timestamp="2025-09-15T18:56:31 IST" skipped="0">
  <testcase classname="Whippets.com.Admin.Driver_module" name="driveradd" time="16.388"/>
  <testcase classname="Whippets.com.Admin.Driver_module" name="driveradd" time="14.047"/>
  <testcase classname="Whippets.com.Admin.Driver_module" name="driveradd" time="16.328"/>
  <testcase classname="Whippets.com.Admin.Driver_module" name="driveradd" time="14.083"/>
</testsuite> <!-- Whippets.com.Admin.Driver_module -->
