<?xml version="1.0" encoding="UTF-8"?>
<!-- Generated by org.testng.reporters.JUnitReportReporter -->
<testsuite hostname="DESKTOP-3CSQIQH" failures="0" tests="4" name="Whippets.com.Admin.Product_module" time="35.906" errors="0" timestamp="2025-09-04T18:34:01 IST" skipped="0">
  <testcase classname="Whippets.com.Admin.Product_module" name="Added_Product_search_and_delete" time="8.662"/>
  <testcase classname="Whippets.com.Admin.Product_module" name="Added_Product_search_and_delete" time="9.552"/>
  <testcase classname="Whippets.com.Admin.Product_module" name="Added_Product_search_and_delete" time="8.878"/>
  <testcase classname="Whippets.com.Admin.Product_module" name="Added_Product_search_and_delete" time="8.814"/>
</testsuite> <!-- Whippets.com.Admin.Product_module -->
