<?xml version="1.0" encoding="UTF-8"?>
<!-- Generated by org.testng.reporters.JUnitReportReporter -->
<testsuite hostname="user" failures="0" tests="1" name="Whippets.com.Admin.Customer_Module" time="54.648" errors="0" timestamp="2025-09-14T19:43:38 IST" skipped="0">
  <testcase classname="Whippets.com.Admin.Customer_Module" name="customer_edit_check" time="54.648"/>
  <system-out/>
</testsuite> <!-- Whippets.com.Admin.Customer_Module -->
