<?xml version="1.0" encoding="UTF-8"?>
<!-- Generated by org.testng.reporters.JUnitReportReporter -->
<testsuite hostname="DESKTOP-3CSQIQH" failures="0" tests="1" name="Whippets.com.Admin.Customer_Module" time="92.258" errors="0" timestamp="2025-09-08T12:41:43 IST" skipped="0">
  <testcase classname="Whippets.com.Admin.Customer_Module" name="customer_add" time="92.258"/>
</testsuite> <!-- Whippets.com.Admin.Customer_Module -->
