<?xml version="1.0" encoding="UTF-8"?>
<!-- Generated by org.testng.reporters.JUnitReportReporter -->
<testsuite hostname="user" failures="0" tests="4" name="Whippets.com.Admin.Driver_module" time="258.558" errors="0" timestamp="2025-09-23T21:25:11 IST" skipped="0">
  <testcase classname="Whippets.com.Admin.Driver_module" name="Driver_Add" time="64.475"/>
  <system-out/>
  <testcase classname="Whippets.com.Admin.Driver_module" name="Driver_Add" time="67.436"/>
  <system-out/>
  <testcase classname="Whippets.com.Admin.Driver_module" name="Driver_Add" time="62.347"/>
  <system-out/>
  <testcase classname="Whippets.com.Admin.Driver_module" name="Driver_Add" time="64.300"/>
  <system-out/>
</testsuite> <!-- Whippets.com.Admin.Driver_module -->
