<?xml version="1.0" encoding="UTF-8"?>
<!-- Generated by org.testng.reporters.JUnitReportReporter -->
<testsuite hostname="DESKTOP-3CSQIQH" failures="0" tests="4" name="Whippets.com.Admin.Product_module" time="109.815" errors="0" timestamp="2025-09-22T19:40:42 IST" skipped="0">
  <testcase classname="Whippets.com.Admin.Product_module" name="Product_Add" time="27.374"/>
  <testcase classname="Whippets.com.Admin.Product_module" name="Product_Add" time="26.408"/>
  <testcase classname="Whippets.com.Admin.Product_module" name="Product_Add" time="26.359"/>
  <testcase classname="Whippets.com.Admin.Product_module" name="Product_Add" time="29.674"/>
</testsuite> <!-- Whippets.com.Admin.Product_module -->
