<?xml version="1.0" encoding="UTF-8"?>
<!-- Generated by org.testng.reporters.JUnitReportReporter -->
<testsuite hostname="DESKTOP-3CSQIQH" failures="0" tests="1" name="Whippets.com.Admin.Product_module" time="53.829" errors="0" timestamp="2025-09-29T10:02:20 IST" skipped="0">
  <testcase classname="Whippets.com.Admin.Product_module" name="product_Edit" time="53.829"/>
</testsuite> <!-- Whippets.com.Admin.Product_module -->
