<?xml version="1.0" encoding="UTF-8"?>
<!-- Generated by org.testng.reporters.JUnitReportReporter -->
<testsuite hostname="DESKTOP-3CSQIQH" failures="0" tests="1" name="Whippets.com.Admin.Variation_Module" time="16.784" errors="0" timestamp="2025-10-10T14:11:49 IST" skipped="0">
  <testcase classname="Whippets.com.Admin.Variation_Module" name="Variation_list_accessor" time="16.784"/>
</testsuite> <!-- Whippets.com.Admin.Variation_Module -->
