<?xml version="1.0" encoding="UTF-8"?>
<!-- Generated by org.testng.reporters.JUnitReportReporter -->
<testsuite hostname="DESKTOP-3CSQIQH" failures="0" tests="10" name="Whippets.com.Admin.Customer_Module" time="214.866" errors="0" timestamp="2025-09-08T19:22:59 IST" skipped="0">
  <testcase classname="Whippets.com.Admin.Customer_Module" name="customer_add" time="27.979"/>
  <testcase classname="Whippets.com.Admin.Customer_Module" name="customer_add" time="19.156"/>
  <testcase classname="Whippets.com.Admin.Customer_Module" name="customer_add" time="18.726"/>
  <testcase classname="Whippets.com.Admin.Customer_Module" name="customer_add" time="24.190"/>
  <testcase classname="Whippets.com.Admin.Customer_Module" name="customer_add" time="23.740"/>
  <testcase classname="Whippets.com.Admin.Customer_Module" name="customer_add" time="24.256"/>
  <testcase classname="Whippets.com.Admin.Customer_Module" name="customer_add" time="19.272"/>
  <testcase classname="Whippets.com.Admin.Customer_Module" name="customer_add" time="18.648"/>
  <testcase classname="Whippets.com.Admin.Customer_Module" name="customer_add" time="19.791"/>
  <testcase classname="Whippets.com.Admin.Customer_Module" name="customer_add" time="19.108"/>
</testsuite> <!-- Whippets.com.Admin.Customer_Module -->
