<?xml version="1.0" encoding="UTF-8"?>
<!-- Generated by org.testng.reporters.JUnitReportReporter -->
<testsuite hostname="DESKTOP-3CSQIQH" failures="0" tests="1" name="Whippets.com.Admin.Customer_Module" time="16.155" errors="0" timestamp="2025-09-05T19:14:22 IST" skipped="0">
  <testcase classname="Whippets.com.Admin.Customer_Module" name="customer_list_Accessor" time="16.155"/>
</testsuite> <!-- Whippets.com.Admin.Customer_Module -->
