<?xml version="1.0" encoding="UTF-8"?>
<!-- Generated by org.testng.reporters.JUnitReportReporter -->
<testsuite hostname="user" failures="0" tests="1" name="Whippets.com.Admin.Side_Menu_options_Accessor" time="8.831" errors="0" timestamp="2025-08-30T23:10:42 IST" skipped="0">
  <testcase classname="Whippets.com.Admin.Side_Menu_options_Accessor" name="Product_menu_Accessor" time="8.831"/>
  <system-out/>
</testsuite> <!-- Whippets.com.Admin.Side_Menu_options_Accessor -->
