<?xml version="1.0" encoding="UTF-8"?>
<!-- Generated by org.testng.reporters.JUnitReportReporter -->
<testsuite hostname="DESKTOP-3CSQIQH" failures="0" tests="1" name="Whippets.com.Admin.Customer_Module" time="79.872" errors="0" timestamp="2025-09-16T19:46:40 IST" skipped="0">
  <testcase classname="Whippets.com.Admin.Customer_Module" name="customer_edit_check" time="79.872"/>
</testsuite> <!-- Whippets.com.Admin.Customer_Module -->
