<?xml version="1.0" encoding="UTF-8"?>
<!-- Generated by org.testng.reporters.JUnitReportReporter -->
<testsuite hostname="user" failures="0" tests="1" name="Whippets.com.Admin.Customer_Module" time="32.184" errors="0" timestamp="2025-09-13T20:45:47 IST" skipped="0">
  <testcase classname="Whippets.com.Admin.Customer_Module" name="added_customer_delete" time="32.184"/>
  <system-out/>
</testsuite> <!-- Whippets.com.Admin.Customer_Module -->
