<?xml version="1.0" encoding="UTF-8"?>
<!-- Generated by org.testng.reporters.JUnitReportReporter -->
<testsuite hostname="DESKTOP-3CSQIQH" failures="0" tests="1" name="Whippets.com.Admin.Dashboard_Module" time="70.392" errors="0" timestamp="2025-09-26T14:43:59 IST" skipped="0">
  <testcase classname="Whippets.com.Admin.Dashboard_Module" name="Dashboard_product_count_check" time="70.392"/>
</testsuite> <!-- Whippets.com.Admin.Dashboard_Module -->
