<?xml version="1.0" encoding="UTF-8"?>
<!-- Generated by org.testng.reporters.JUnitReportReporter -->
<testsuite hostname="DESKTOP-3CSQIQH" failures="0" tests="1" name="Whippets.com.Admin.Product_module" time="19.522" errors="0" timestamp="2025-09-02T20:28:24 IST" skipped="0">
  <testcase classname="Whippets.com.Admin.Product_module" name="product_delete" time="19.522"/>
</testsuite> <!-- Whippets.com.Admin.Product_module -->
