<?xml version="1.0" encoding="UTF-8"?>
<!-- Generated by org.testng.reporters.JUnitReportReporter -->
<testsuite hostname="user" failures="0" tests="1" name="Whippets.com.Admin.Product_module" time="41.926" errors="0" timestamp="2025-09-27T21:14:44 IST" skipped="0">
  <testcase classname="Whippets.com.Admin.Product_module" name="product_Variations_count_collector" time="41.926"/>
  <system-out/>
</testsuite> <!-- Whippets.com.Admin.Product_module -->
