<?xml version="1.0" encoding="UTF-8"?>
<!-- Generated by org.testng.reporters.JUnitReportReporter -->
<testsuite hostname="DESKTOP-3CSQIQH" failures="0" tests="3" name="validation.Login_validation" time="19.569" errors="0" timestamp="2025-08-19T19:37:40 IST" skipped="0">
  <testcase classname="validation.Login_validation" name="Invalid_login" time="3.125"/>
  <testcase classname="validation.Login_validation" name="Invalid_login" time="14.329"/>
  <testcase classname="validation.Login_validation" name="Invalid_login" time="2.115"/>
</testsuite> <!-- validation.Login_validation -->
