<?xml version="1.0" encoding="UTF-8"?>
<!-- Generated by org.testng.reporters.JUnitReportReporter -->
<testsuite hostname="DESKTOP-3CSQIQH" failures="0" tests="20" name="Whippets.com.Admin.Customer_Module" time="1767.517" errors="0" timestamp="2025-09-17T13:22:37 IST" skipped="0">
  <testcase classname="Whippets.com.Admin.Customer_Module" name="customer_add" time="81.992"/>
  <testcase classname="Whippets.com.Admin.Customer_Module" name="customer_edit_check" time="93.475"/>
  <testcase classname="Whippets.com.Admin.Customer_Module" name="customer_add" time="77.998"/>
  <testcase classname="Whippets.com.Admin.Customer_Module" name="customer_edit_check" time="94.162"/>
  <testcase classname="Whippets.com.Admin.Customer_Module" name="customer_add" time="82.922"/>
  <testcase classname="Whippets.com.Admin.Customer_Module" name="customer_edit_check" time="83.073"/>
  <testcase classname="Whippets.com.Admin.Customer_Module" name="customer_add" time="92.569"/>
  <testcase classname="Whippets.com.Admin.Customer_Module" name="customer_edit_check" time="92.410"/>
  <testcase classname="Whippets.com.Admin.Customer_Module" name="customer_edit_check" time="93.715"/>
  <testcase classname="Whippets.com.Admin.Customer_Module" name="customer_edit_check" time="87.916"/>
  <testcase classname="Whippets.com.Admin.Customer_Module" name="customer_edit_check" time="85.389"/>
  <testcase classname="Whippets.com.Admin.Customer_Module" name="customer_add" time="131.881"/>
  <testcase classname="Whippets.com.Admin.Customer_Module" name="customer_edit_check" time="85.052"/>
  <testcase classname="Whippets.com.Admin.Customer_Module" name="customer_add" time="84.593"/>
  <testcase classname="Whippets.com.Admin.Customer_Module" name="customer_add" time="84.387"/>
  <testcase classname="Whippets.com.Admin.Customer_Module" name="customer_add" time="86.875"/>
  <testcase classname="Whippets.com.Admin.Customer_Module" name="customer_edit_check" time="97.273"/>
  <testcase classname="Whippets.com.Admin.Customer_Module" name="customer_edit_check" time="62.305"/>
  <testcase classname="Whippets.com.Admin.Customer_Module" name="customer_add" time="87.184"/>
  <testcase classname="Whippets.com.Admin.Customer_Module" name="customer_add" time="82.346"/>
</testsuite> <!-- Whippets.com.Admin.Customer_Module -->
