<?xml version="1.0" encoding="UTF-8"?>
<!-- Generated by org.testng.reporters.JUnitReportReporter -->
<testsuite hostname="DESKTOP-3CSQIQH" failures="0" tests="1" name="Whippets.com.Admin.Variation_Module" time="17.288" errors="0" timestamp="2025-10-10T15:50:53 IST" skipped="0">
  <testcase classname="Whippets.com.Admin.Variation_Module" name="variation_list_data_collector" time="17.288"/>
</testsuite> <!-- Whippets.com.Admin.Variation_Module -->
