<?xml version="1.0" encoding="UTF-8"?>
<!-- Generated by org.testng.reporters.JUnitReportReporter -->
<testsuite hostname="DESKTOP-3CSQIQH" failures="0" tests="1" name="Whippets.com.Admin.Product_module" time="40.509" errors="0" timestamp="2025-09-26T14:02:18 IST" skipped="0">
  <testcase classname="Whippets.com.Admin.Product_module" name="product_Variations_count_checker" time="40.509"/>
</testsuite> <!-- Whippets.com.Admin.Product_module -->
