<?xml version="1.0" encoding="UTF-8"?>
<!-- Generated by org.testng.reporters.JUnitReportReporter -->
<testsuite hostname="user" failures="0" tests="1" name="Whippets.com.Admin.Product_module" time="28.285" errors="0" timestamp="2025-08-31T20:36:03 IST" skipped="0">
  <testcase classname="Whippets.com.Admin.Product_module" name="Product_list_Accessor" time="28.285"/>
  <system-out/>
</testsuite> <!-- Whippets.com.Admin.Product_module -->
