<?xml version="1.0" encoding="UTF-8"?>
<!-- Generated by org.testng.reporters.JUnitReportReporter -->
<testsuite hostname="DESKTOP-3CSQIQH" failures="0" tests="1" name="Whippets.com.Admin.Customer_Module" time="512.211" errors="0" timestamp="2025-09-25T16:03:19 IST" skipped="0">
  <testcase classname="Whippets.com.Admin.Customer_Module" name="Customer_list_filter_Check" time="512.211"/>
</testsuite> <!-- Whippets.com.Admin.Customer_Module -->
