<?xml version="1.0" encoding="UTF-8"?>
<!-- Generated by org.testng.reporters.JUnitReportReporter -->
<testsuite hostname="DESKTOP-3CSQIQH" failures="0" tests="4" name="Whippets.com.Admin.Driver_module" time="129.654" errors="0" timestamp="2025-09-18T11:58:18 IST" skipped="0">
  <testcase classname="Whippets.com.Admin.Driver_module" name="Driver_Add" time="29.462"/>
  <testcase classname="Whippets.com.Admin.Driver_module" name="Driver_Add" time="26.348"/>
  <testcase classname="Whippets.com.Admin.Driver_module" name="Driver_Add" time="40.915"/>
  <testcase classname="Whippets.com.Admin.Driver_module" name="Driver_Add" time="32.929"/>
</testsuite> <!-- Whippets.com.Admin.Driver_module -->
