<?xml version="1.0" encoding="UTF-8"?>
<!-- Generated by org.testng.reporters.JUnitReportReporter -->
<testsuite hostname="DESKTOP-3CSQIQH" failures="0" tests="1" name="Whippets.com.Admin.Driver_module" time="14.375" errors="0" timestamp="2025-09-29T09:40:51 IST" skipped="0">
  <testcase classname="Whippets.com.Admin.Driver_module" name="Driver_Add" time="14.375"/>
</testsuite> <!-- Whippets.com.Admin.Driver_module -->
