<?xml version="1.0" encoding="UTF-8"?>
<!-- Generated by org.testng.reporters.JUnitReportReporter -->
<testsuite hostname="DESKTOP-3CSQIQH" failures="0" tests="1" name="Whippets.com.Admin.Product_module" time="7.935" errors="0" timestamp="2025-09-02T13:44:04 IST" skipped="0">
  <testcase classname="Whippets.com.Admin.Product_module" name="Duplicate_value_checker" time="7.935"/>
</testsuite> <!-- Whippets.com.Admin.Product_module -->
